[16-Apr-2026 17:02:52 UTC] Failed to log activity: SQLSTATE[42S02]: Base table or view not found: 1146 Table 'eatfres2a1d6_eatfree_db.activity_logs' doesn't exist
[16-Apr-2026 17:22:10 UTC] Failed to log activity: SQLSTATE[42S02]: Base table or view not found: 1146 Table 'eatfres2a1d6_eatfree_db.activity_logs' doesn't exist
[16-Apr-2026 17:23:03 UTC] Failed to log activity: SQLSTATE[42S02]: Base table or view not found: 1146 Table 'eatfres2a1d6_eatfree_db.activity_logs' doesn't exist
[16-Apr-2026 17:25:36 UTC] Failed to log activity: SQLSTATE[42S02]: Base table or view not found: 1146 Table 'eatfres2a1d6_eatfree_db.activity_logs' doesn't exist
[16-Apr-2026 17:25:48 UTC] Failed to log activity: SQLSTATE[42S02]: Base table or view not found: 1146 Table 'eatfres2a1d6_eatfree_db.activity_logs' doesn't exist
[16-Apr-2026 17:59:08 UTC] Failed to log activity: SQLSTATE[42S02]: Base table or view not found: 1146 Table 'eatfres2a1d6_eatfree_db.activity_logs' doesn't exist
[16-Apr-2026 17:59:20 UTC] Failed to log activity: SQLSTATE[42S02]: Base table or view not found: 1146 Table 'eatfres2a1d6_eatfree_db.activity_logs' doesn't exist
[16-Apr-2026 17:59:45 UTC] Failed to log activity: SQLSTATE[42S02]: Base table or view not found: 1146 Table 'eatfres2a1d6_eatfree_db.activity_logs' doesn't exist
[16-Apr-2026 17:59:50 UTC] Failed to log activity: SQLSTATE[42S02]: Base table or view not found: 1146 Table 'eatfres2a1d6_eatfree_db.activity_logs' doesn't exist
[16-Apr-2026 18:00:48 UTC] Failed to log activity: SQLSTATE[42S02]: Base table or view not found: 1146 Table 'eatfres2a1d6_eatfree_db.activity_logs' doesn't exist
[16-Apr-2026 18:00:52 UTC] Failed to log activity: SQLSTATE[42S02]: Base table or view not found: 1146 Table 'eatfres2a1d6_eatfree_db.activity_logs' doesn't exist
[16-Apr-2026 18:01:10 UTC] Failed to log activity: SQLSTATE[42S02]: Base table or view not found: 1146 Table 'eatfres2a1d6_eatfree_db.activity_logs' doesn't exist
[16-Apr-2026 18:01:17 UTC] Failed to log activity: SQLSTATE[42S02]: Base table or view not found: 1146 Table 'eatfres2a1d6_eatfree_db.activity_logs' doesn't exist
[16-Apr-2026 18:10:25 UTC] Failed to log activity: SQLSTATE[42S02]: Base table or view not found: 1146 Table 'eatfres2a1d6_eatfree_db.activity_logs' doesn't exist
[16-Apr-2026 18:10:39 UTC] Failed to log activity: SQLSTATE[42S02]: Base table or view not found: 1146 Table 'eatfres2a1d6_eatfree_db.activity_logs' doesn't exist
[16-Apr-2026 18:10:43 UTC] Failed to log activity: SQLSTATE[42S02]: Base table or view not found: 1146 Table 'eatfres2a1d6_eatfree_db.activity_logs' doesn't exist
[16-Apr-2026 18:40:30 UTC] Failed to log activity: SQLSTATE[42S02]: Base table or view not found: 1146 Table 'eatfres2a1d6_eatfree_db.activity_logs' doesn't exist
[16-Apr-2026 18:40:36 UTC] Failed to log activity: SQLSTATE[42S02]: Base table or view not found: 1146 Table 'eatfres2a1d6_eatfree_db.activity_logs' doesn't exist
[17-Apr-2026 08:16:37 UTC] Failed to log activity: SQLSTATE[42S02]: Base table or view not found: 1146 Table 'eatfres2a1d6_eatfree_db.activity_logs' doesn't exist
[17-Apr-2026 09:08:16 UTC] Failed to log activity: SQLSTATE[42S02]: Base table or view not found: 1146 Table 'eatfres2a1d6_eatfree_db.activity_logs' doesn't exist
[17-Apr-2026 09:08:19 UTC] Failed to log activity: SQLSTATE[42S02]: Base table or view not found: 1146 Table 'eatfres2a1d6_eatfree_db.activity_logs' doesn't exist
[17-Apr-2026 09:21:19 UTC] Failed to log activity: SQLSTATE[42S02]: Base table or view not found: 1146 Table 'eatfres2a1d6_eatfree_db.activity_logs' doesn't exist
[17-Apr-2026 09:21:21 UTC] Failed to log activity: SQLSTATE[42S02]: Base table or view not found: 1146 Table 'eatfres2a1d6_eatfree_db.activity_logs' doesn't exist
[17-Apr-2026 09:42:20 UTC] Failed to log activity: SQLSTATE[42S02]: Base table or view not found: 1146 Table 'eatfres2a1d6_eatfree_db.activity_logs' doesn't exist
[17-Apr-2026 09:42:23 UTC] Failed to log activity: SQLSTATE[42S02]: Base table or view not found: 1146 Table 'eatfres2a1d6_eatfree_db.activity_logs' doesn't exist
[17-Apr-2026 09:53:14 UTC] Failed to log activity: SQLSTATE[42S02]: Base table or view not found: 1146 Table 'eatfres2a1d6_eatfree_db.activity_logs' doesn't exist
[17-Apr-2026 09:57:25 UTC] Failed to log activity: SQLSTATE[42S02]: Base table or view not found: 1146 Table 'eatfres2a1d6_eatfree_db.activity_logs' doesn't exist
[17-Apr-2026 10:34:08 UTC] Failed to log activity: SQLSTATE[42S02]: Base table or view not found: 1146 Table 'eatfres2a1d6_eatfree_db.activity_logs' doesn't exist
[17-Apr-2026 10:34:19 UTC] Failed to log activity: SQLSTATE[42S02]: Base table or view not found: 1146 Table 'eatfres2a1d6_eatfree_db.activity_logs' doesn't exist
[17-Apr-2026 10:36:34 UTC] Vendor login error: SQLSTATE[42S22]: Column not found: 1054 Unknown column 'last_login' in 'SET'
[17-Apr-2026 10:36:59 UTC] Failed to log activity: SQLSTATE[42S02]: Base table or view not found: 1146 Table 'eatfres2a1d6_eatfree_db.activity_logs' doesn't exist
[17-Apr-2026 14:22:10 UTC] Failed to log activity: SQLSTATE[42S02]: Base table or view not found: 1146 Table 'eatfres2a1d6_eatfree_db.activity_logs' doesn't exist
[17-Apr-2026 14:22:53 UTC] Generate voucher error: SQLSTATE[HY093]: Invalid parameter number
[17-Apr-2026 14:23:01 UTC] Generate voucher error: SQLSTATE[HY093]: Invalid parameter number
[17-Apr-2026 14:31:46 UTC] Generate voucher error: SQLSTATE[HY093]: Invalid parameter number
[17-Apr-2026 14:32:48 UTC] Generate voucher error: SQLSTATE[HY093]: Invalid parameter number
[17-Apr-2026 14:40:46 UTC] Vendor login error: SQLSTATE[42S22]: Column not found: 1054 Unknown column 'last_login' in 'SET'
[17-Apr-2026 14:52:53 UTC] [2] Undefined variable $emailBody in /home/eatfres2a1d6/public_html/api/vendor-register.php on line 194
[17-Apr-2026 14:52:53 UTC] [2] Undefined variable $emailBody in /home/eatfres2a1d6/public_html/api/vendor-register.php on line 196
[17-Apr-2026 14:52:53 UTC] [2] Undefined variable $emailBody in /home/eatfres2a1d6/public_html/api/vendor-register.php on line 199
[17-Apr-2026 15:16:09 UTC] Failed to log activity: SQLSTATE[42S02]: Base table or view not found: 1146 Table 'eatfres2a1d6_eatfree_db.activity_logs' doesn't exist
[17-Apr-2026 15:16:16 UTC] SQLSTATE[42S22]: Column not found: 1054 Unknown column 'last_login' in 'SET'
[17-Apr-2026 15:16:19 UTC] SQLSTATE[42S22]: Column not found: 1054 Unknown column 'last_login' in 'SET'
[17-Apr-2026 15:29:21 UTC] Vendor login error: SQLSTATE[42S22]: Column not found: 1054 Unknown column 'last_login' in 'SET'
[17-Apr-2026 15:29:30 UTC] Vendor login error: SQLSTATE[42S22]: Column not found: 1054 Unknown column 'last_login' in 'SET'
[17-Apr-2026 16:28:37 UTC] Vendor login error: SQLSTATE[42S22]: Column not found: 1054 Unknown column 'last_login' in 'SET'
[17-Apr-2026 16:28:45 UTC] Vendor login error: SQLSTATE[42S22]: Column not found: 1054 Unknown column 'last_login' in 'SET'
[17-Apr-2026 16:28:47 UTC] Vendor login error: SQLSTATE[42S22]: Column not found: 1054 Unknown column 'last_login' in 'SET'
[17-Apr-2026 16:28:48 UTC] Vendor login error: SQLSTATE[42S22]: Column not found: 1054 Unknown column 'last_login' in 'SET'
[17-Apr-2026 22:57:39 UTC] SQLSTATE[42S22]: Column not found: 1054 Unknown column 'last_login' in 'SET'
[17-Apr-2026 22:57:57 UTC] Failed to log activity: SQLSTATE[42S02]: Base table or view not found: 1146 Table 'eatfres2a1d6_eatfree_db.activity_logs' doesn't exist
[17-Apr-2026 23:20:59 UTC] Failed to log activity: SQLSTATE[42S02]: Base table or view not found: 1146 Table 'eatfres2a1d6_eatfree_db.activity_logs' doesn't exist
[17-Apr-2026 23:24:20 UTC] Failed to log activity: SQLSTATE[42S02]: Base table or view not found: 1146 Table 'eatfres2a1d6_eatfree_db.activity_logs' doesn't exist
[17-Apr-2026 23:24:37 UTC] Failed to log activity: SQLSTATE[42S02]: Base table or view not found: 1146 Table 'eatfres2a1d6_eatfree_db.activity_logs' doesn't exist
[17-Apr-2026 23:25:25 UTC] Failed to log activity: SQLSTATE[42S02]: Base table or view not found: 1146 Table 'eatfres2a1d6_eatfree_db.activity_logs' doesn't exist
[17-Apr-2026 23:29:52 UTC] Failed to log activity: SQLSTATE[42S02]: Base table or view not found: 1146 Table 'eatfres2a1d6_eatfree_db.activity_logs' doesn't exist
[17-Apr-2026 23:44:30 UTC] SQLSTATE[42S22]: Column not found: 1054 Unknown column 'last_login' in 'SET'
[17-Apr-2026 23:44:52 UTC] Failed to log activity: SQLSTATE[42S02]: Base table or view not found: 1146 Table 'eatfres2a1d6_eatfree_db.activity_logs' doesn't exist
[17-Apr-2026 23:46:31 UTC] Failed to log activity: SQLSTATE[42S02]: Base table or view not found: 1146 Table 'eatfres2a1d6_eatfree_db.activity_logs' doesn't exist
[17-Apr-2026 23:46:47 UTC] SQLSTATE[42S22]: Column not found: 1054 Unknown column 'last_login' in 'SET'
[17-Apr-2026 23:47:38 UTC] SQLSTATE[42S22]: Column not found: 1054 Unknown column 'last_login' in 'SET'
[17-Apr-2026 23:47:56 UTC] SQLSTATE[42S22]: Column not found: 1054 Unknown column 'last_login' in 'SET'
[17-Apr-2026 23:48:15 UTC] Failed to log activity: SQLSTATE[42S02]: Base table or view not found: 1146 Table 'eatfres2a1d6_eatfree_db.activity_logs' doesn't exist
[17-Apr-2026 23:48:19 UTC] Failed to log activity: SQLSTATE[42S02]: Base table or view not found: 1146 Table 'eatfres2a1d6_eatfree_db.activity_logs' doesn't exist
[17-Apr-2026 23:51:19 UTC] Vendor login error: SQLSTATE[42S22]: Column not found: 1054 Unknown column 'last_login' in 'SET'
[17-Apr-2026 23:53:23 UTC] Vendor login error: SQLSTATE[42S22]: Column not found: 1054 Unknown column 'last_login' in 'SET'
[17-Apr-2026 23:55:05 UTC] Vendor login error: SQLSTATE[42S22]: Column not found: 1054 Unknown column 'last_login' in 'SET'
[18-Apr-2026 00:04:30 UTC] VENDOR LOGIN HIT
[18-Apr-2026 00:04:30 UTC] CONTENT TYPE: application/json
[18-Apr-2026 00:04:30 UTC] POST DATA: []
[18-Apr-2026 00:04:30 UTC] RAW INPUT: {"email":"thando@gmail.com","password":"Admin@123"}
[18-Apr-2026 00:04:30 UTC] EMAIL RECEIVED: thando@gmail.com
[18-Apr-2026 00:04:30 UTC] PASSWORD RECEIVED: YES
[18-Apr-2026 00:06:55 UTC] Failed to log activity: SQLSTATE[42S02]: Base table or view not found: 1146 Table 'eatfres2a1d6_eatfree_db.activity_logs' doesn't exist
[18-Apr-2026 00:07:43 UTC] Vendor login error: SQLSTATE[42S22]: Column not found: 1054 Unknown column 'last_login' in 'SET'
[18-Apr-2026 00:08:08 UTC] VENDOR LOGIN HIT
[18-Apr-2026 00:08:08 UTC] CONTENT TYPE: application/json
[18-Apr-2026 00:08:08 UTC] POST DATA: []
[18-Apr-2026 00:08:08 UTC] RAW INPUT: {"email":"thando@gmail.com","password":"Admin@123"}
[18-Apr-2026 00:08:08 UTC] EMAIL RECEIVED: thando@gmail.com
[18-Apr-2026 00:08:08 UTC] PASSWORD RECEIVED: YES
[18-Apr-2026 00:10:31 UTC] Vendor login error: SQLSTATE[42S22]: Column not found: 1054 Unknown column 'last_login' in 'SET'
[18-Apr-2026 00:12:17 UTC] Vendor login error: SQLSTATE[42S22]: Column not found: 1054 Unknown column 'last_login' in 'SET'
[18-Apr-2026 00:14:11 UTC] VENDOR LOGIN FAILURE: SQLSTATE[42S22]: Column not found: 1054 Unknown column 'last_login' in 'SET'
[18-Apr-2026 00:16:18 UTC] Vendor login error: SQLSTATE[42S22]: Column not found: 1054 Unknown column 'last_login' in 'SET'
[18-Apr-2026 00:19:44 UTC] VENDOR LOGIN HIT
[18-Apr-2026 00:19:44 UTC] CONTENT TYPE: application/json
[18-Apr-2026 00:19:44 UTC] POST DATA: []
[18-Apr-2026 00:19:44 UTC] RAW INPUT: {"email":"thando@gmail.com","password":"Admin@123"}
[18-Apr-2026 00:19:44 UTC] EMAIL RECEIVED: thando@gmail.com
[18-Apr-2026 00:19:44 UTC] PASSWORD RECEIVED: YES
[18-Apr-2026 00:26:20 UTC] VENDOR LOGIN HIT
[18-Apr-2026 00:26:20 UTC] CONTENT TYPE: application/json
[18-Apr-2026 00:26:20 UTC] POST DATA: []
[18-Apr-2026 00:26:20 UTC] RAW INPUT: {"email":"thando@gmail.com","password":"Admin@123"}
[18-Apr-2026 00:26:20 UTC] EMAIL RECEIVED: thando@gmail.com
[18-Apr-2026 00:26:20 UTC] PASSWORD RECEIVED: YES
[18-Apr-2026 00:27:55 UTC] VENDOR LOGIN HIT
[18-Apr-2026 00:27:55 UTC] CONTENT TYPE: application/json
[18-Apr-2026 00:27:55 UTC] POST DATA: []
[18-Apr-2026 00:27:55 UTC] RAW INPUT: {"email":"thando@gmail.com","password":"Admin@123"}
[18-Apr-2026 00:27:55 UTC] EMAIL RECEIVED: thando@gmail.com
[18-Apr-2026 00:27:55 UTC] PASSWORD RECEIVED: YES
[18-Apr-2026 00:29:37 UTC] VENDOR LOGIN HIT
[18-Apr-2026 00:29:37 UTC] CONTENT TYPE: application/json
[18-Apr-2026 00:29:37 UTC] POST DATA: []
[18-Apr-2026 00:29:37 UTC] RAW INPUT: {"email":"thando@gmail.com","password":"Admin@123"}
[18-Apr-2026 00:29:37 UTC] EMAIL RECEIVED: thando@gmail.com
[18-Apr-2026 00:29:37 UTC] PASSWORD RECEIVED: YES
[18-Apr-2026 00:42:33 UTC] VENDOR LOGIN HIT
[18-Apr-2026 00:42:33 UTC] CONTENT TYPE: application/json
[18-Apr-2026 00:42:33 UTC] POST DATA: []
[18-Apr-2026 00:42:33 UTC] RAW INPUT: {"email":"thando@gmail.com","password":"Admin@123"}
[18-Apr-2026 00:42:33 UTC] EMAIL RECEIVED: thando@gmail.com
[18-Apr-2026 00:42:33 UTC] PASSWORD RECEIVED: YES
[18-Apr-2026 00:57:38 UTC] VENDOR LOGIN HIT
[18-Apr-2026 00:57:38 UTC] CONTENT TYPE: application/json
[18-Apr-2026 00:57:38 UTC] POST DATA: []
[18-Apr-2026 00:57:38 UTC] RAW INPUT: {"email":"thando@gmail.com","password":"Admin@123"}
[18-Apr-2026 00:57:38 UTC] EMAIL RECEIVED: thando@gmail.com
[18-Apr-2026 00:57:38 UTC] PASSWORD RECEIVED: YES
[19-Apr-2026 11:25:46 UTC] VENDOR LOGIN HIT
[19-Apr-2026 11:25:46 UTC] CONTENT TYPE: application/json
[19-Apr-2026 11:25:46 UTC] POST DATA: []
[19-Apr-2026 11:25:46 UTC] RAW INPUT: {"email":"thando@gmail.com","password":"Admin@123"}
[19-Apr-2026 11:25:46 UTC] EMAIL RECEIVED: thando@gmail.com
[19-Apr-2026 11:25:46 UTC] PASSWORD RECEIVED: YES
